<?xml version="1.0" encoding="UTF-8"?>
<testng-results ignored="0" total="1" passed="1" failed="0" skipped="0">
  <reporter-output>
  </reporter-output>
  <suite started-at="2025-09-13T06:33:34Z" name="Default suite" finished-at="2025-09-13T06:34:51Z" duration-ms="77642">
    <groups>
    </groups>
    <test started-at="2025-09-13T06:33:34Z" name="Default test" finished-at="2025-09-13T06:34:51Z" duration-ms="77642">
      <class name="com.testselenium.FirstTest">
        <test-method is-config="true" signature="setup()[pri:0, instance:com.testselenium.FirstTest@2812b107]" started-at="2025-09-13T12:03:34Z" name="setup" finished-at="2025-09-13T12:03:42Z" duration-ms="8425" status="PASS">
          <reporter-output>
          </reporter-output>
        </test-method> <!-- setup -->
        <test-method signature="testLogin()[pri:0, instance:com.testselenium.FirstTest@2812b107]" started-at="2025-09-13T12:03:42Z" name="testLogin" finished-at="2025-09-13T12:04:50Z" duration-ms="67286" status="PASS">
          <reporter-output>
          </reporter-output>
        </test-method> <!-- testLogin -->
        <test-method is-config="true" signature="tearDown()[pri:0, instance:com.testselenium.FirstTest@2812b107]" started-at="2025-09-13T12:04:50Z" name="tearDown" finished-at="2025-09-13T12:04:51Z" duration-ms="1887" status="PASS">
          <reporter-output>
          </reporter-output>
        </test-method> <!-- tearDown -->
      </class> <!-- com.testselenium.FirstTest -->
    </test> <!-- Default test -->
  </suite> <!-- Default suite -->
</testng-results>
